<?xml version="1.0" encoding="UTF-8"?>
<testng-results ignored="0" total="8" passed="7" failed="1" skipped="0">
  <reporter-output>
  </reporter-output>
  <suite started-at="2024-10-22T01:41:09 PST" name="App Name Test Regression Playwright Suite" finished-at="2024-10-22T01:41:32 PST" duration-ms="23398">
    <groups>
    </groups>
    <test started-at="2024-10-22T01:41:09 PST" name="App Name Login Page Test_safari" finished-at="2024-10-22T01:41:18 PST" duration-ms="9111">
      <class name="com.qa.appname.tests.LoginPageTest">
        <test-method is-config="true" signature="setup(java.lang.String)[pri:0, instance:com.qa.appname.tests.LoginPageTest@6f01b95f]" started-at="2024-10-22T01:41:09 PST" name="setup" finished-at="2024-10-22T01:41:16 PST" duration-ms="7071" status="PASS">
          <params>
            <param index="0">
              <value>
                <![CDATA[edge]]>
              </value>
            </param>
          </params>
          <reporter-output>
          </reporter-output>
        </test-method> <!-- setup -->
        <test-method signature="loginPageNavigationTest()[pri:1, instance:com.qa.appname.tests.LoginPageTest@6f01b95f]" started-at="2024-10-22T01:41:16 PST" name="loginPageNavigationTest" finished-at="2024-10-22T01:41:16 PST" duration-ms="377" status="PASS">
          <reporter-output>
          </reporter-output>
        </test-method> <!-- loginPageNavigationTest -->
        <test-method signature="forgotPwdLinkExistTest()[pri:2, instance:com.qa.appname.tests.LoginPageTest@6f01b95f]" started-at="2024-10-22T01:41:16 PST" name="forgotPwdLinkExistTest" finished-at="2024-10-22T01:41:16 PST" duration-ms="23" status="PASS">
          <reporter-output>
          </reporter-output>
        </test-method> <!-- forgotPwdLinkExistTest -->
        <test-method signature="appLoginTest()[pri:3, instance:com.qa.appname.tests.LoginPageTest@6f01b95f]" started-at="2024-10-22T01:41:17 PST" name="appLoginTest" finished-at="2024-10-22T01:41:17 PST" duration-ms="312" status="FAIL">
          <exception class="java.lang.AssertionError">
            <message>
              <![CDATA[expected [true] but found [false]]]>
            </message>
            <full-stacktrace>
              <![CDATA[java.lang.AssertionError: expected [true] but found [false]
at org.testng.Assert.fail(Assert.java:111)
at org.testng.Assert.failNotEquals(Assert.java:1578)
at org.testng.Assert.assertTrue(Assert.java:57)
at org.testng.Assert.assertTrue(Assert.java:67)
at com.qa.appname.tests.LoginPageTest.appLoginTest(LoginPageTest.java:26)
at java.base/jdk.internal.reflect.DirectMethodHandleAccessor.invoke(DirectMethodHandleAccessor.java:103)
at java.base/java.lang.reflect.Method.invoke(Method.java:580)
at org.testng.internal.invokers.MethodInvocationHelper.invokeMethod(MethodInvocationHelper.java:141)
at org.testng.internal.invokers.TestInvoker.invokeMethod(TestInvoker.java:686)
at org.testng.internal.invokers.TestInvoker.invokeTestMethod(TestInvoker.java:230)
at org.testng.internal.invokers.MethodRunner.runInSequence(MethodRunner.java:63)
at org.testng.internal.invokers.TestInvoker$MethodInvocationAgent.invoke(TestInvoker.java:992)
at org.testng.internal.invokers.TestInvoker.invokeTestMethods(TestInvoker.java:203)
at org.testng.internal.invokers.TestMethodWorker.invokeTestMethods(TestMethodWorker.java:154)
at org.testng.internal.invokers.TestMethodWorker.run(TestMethodWorker.java:134)
at java.base/java.util.ArrayList.forEach(ArrayList.java:1596)
at org.testng.TestRunner.privateRun(TestRunner.java:739)
at org.testng.TestRunner.run(TestRunner.java:614)
at org.testng.SuiteRunner.runTest(SuiteRunner.java:421)
at org.testng.SuiteRunner$SuiteWorker.run(SuiteRunner.java:463)
at org.testng.internal.thread.ThreadUtil.lambda$execute$0(ThreadUtil.java:64)
at java.base/java.util.concurrent.FutureTask.run(FutureTask.java:317)
at java.base/java.util.concurrent.ThreadPoolExecutor.runWorker(ThreadPoolExecutor.java:1144)
at java.base/java.util.concurrent.ThreadPoolExecutor$Worker.run(ThreadPoolExecutor.java:642)
at java.base/java.lang.Thread.run(Thread.java:1583)
]]>
            </full-stacktrace>
          </exception> <!-- java.lang.AssertionError -->
          <reporter-output>
          </reporter-output>
        </test-method> <!-- appLoginTest -->
        <test-method is-config="true" signature="tearDown()[pri:0, instance:com.qa.appname.tests.LoginPageTest@6f01b95f]" started-at="2024-10-22T01:41:17 PST" name="tearDown" finished-at="2024-10-22T01:41:18 PST" duration-ms="1150" status="PASS">
          <reporter-output>
          </reporter-output>
        </test-method> <!-- tearDown -->
      </class> <!-- com.qa.appname.tests.LoginPageTest -->
    </test> <!-- App Name Login Page Test_safari -->
    <test started-at="2024-10-22T01:41:09 PST" name="App Name Home Page Test_chrome" finished-at="2024-10-22T01:41:32 PST" duration-ms="23398">
      <class name="com.qa.appname.tests.HomePageTest">
        <test-method is-config="true" signature="setup(java.lang.String)[pri:0, instance:com.qa.appname.tests.HomePageTest@1caa0244]" started-at="2024-10-22T01:41:09 PST" name="setup" finished-at="2024-10-22T01:41:16 PST" duration-ms="7173" status="PASS">
          <params>
            <param index="0">
              <value>
                <![CDATA[chrome]]>
              </value>
            </param>
          </params>
          <reporter-output>
          </reporter-output>
        </test-method> <!-- setup -->
        <test-method signature="homePageTitleTest()[pri:0, instance:com.qa.appname.tests.HomePageTest@1caa0244]" started-at="2024-10-22T01:41:16 PST" name="homePageTitleTest" finished-at="2024-10-22T01:41:16 PST" duration-ms="12" status="PASS">
          <reporter-output>
          </reporter-output>
        </test-method> <!-- homePageTitleTest -->
        <test-method signature="homePageURLTest()[pri:0, instance:com.qa.appname.tests.HomePageTest@1caa0244]" started-at="2024-10-22T01:41:16 PST" name="homePageURLTest" finished-at="2024-10-22T01:41:16 PST" duration-ms="1" status="PASS">
          <reporter-output>
          </reporter-output>
        </test-method> <!-- homePageURLTest -->
        <test-method signature="searchTest(java.lang.String)[pri:0, instance:com.qa.appname.tests.HomePageTest@1caa0244]" started-at="2024-10-22T01:41:16 PST" name="searchTest" data-provider="getProductData" finished-at="2024-10-22T01:41:22 PST" duration-ms="5363" status="PASS">
          <params>
            <param index="0">
              <value>
                <![CDATA[Macbook]]>
              </value>
            </param>
          </params>
          <reporter-output>
          </reporter-output>
        </test-method> <!-- searchTest -->
        <test-method signature="searchTest(java.lang.String)[pri:0, instance:com.qa.appname.tests.HomePageTest@1caa0244]" started-at="2024-10-22T01:41:22 PST" name="searchTest" data-provider="getProductData" finished-at="2024-10-22T01:41:27 PST" duration-ms="5337" status="PASS">
          <params>
            <param index="0">
              <value>
                <![CDATA[iMac]]>
              </value>
            </param>
          </params>
          <reporter-output>
          </reporter-output>
        </test-method> <!-- searchTest -->
        <test-method signature="searchTest(java.lang.String)[pri:0, instance:com.qa.appname.tests.HomePageTest@1caa0244]" started-at="2024-10-22T01:41:27 PST" name="searchTest" data-provider="getProductData" finished-at="2024-10-22T01:41:32 PST" duration-ms="5367" status="PASS">
          <params>
            <param index="0">
              <value>
                <![CDATA[Samsung]]>
              </value>
            </param>
          </params>
          <reporter-output>
          </reporter-output>
        </test-method> <!-- searchTest -->
        <test-method is-config="true" signature="tearDown()[pri:0, instance:com.qa.appname.tests.HomePageTest@1caa0244]" started-at="2024-10-22T01:41:32 PST" name="tearDown" finished-at="2024-10-22T01:41:32 PST" duration-ms="138" status="PASS">
          <reporter-output>
          </reporter-output>
        </test-method> <!-- tearDown -->
      </class> <!-- com.qa.appname.tests.HomePageTest -->
    </test> <!-- App Name Home Page Test_chrome -->
  </suite> <!-- App Name Test Regression Playwright Suite -->
</testng-results>
