<?xml version="1.0" encoding="UTF-8"?>
<!-- Generated by org.testng.reporters.JUnitXMLReporter -->
<testsuite ignored="0" hostname="Aldrin" failures="1" tests="3" name="App Name Login Page Test_safari" time="9.111" errors="0" timestamp="2024-10-22T01:41:18 PST">
  <testcase classname="com.qa.appname.tests.LoginPageTest" name="loginPageNavigationTest" time="0.377"/>
  <testcase classname="com.qa.appname.tests.LoginPageTest" name="forgotPwdLinkExistTest" time="0.023"/>
  <testcase classname="com.qa.appname.tests.LoginPageTest" name="appLoginTest" time="0.312">
    <failure type="java.lang.AssertionError" message="expected [true] but found [false]">
      <![CDATA[java.lang.AssertionError: expected [true] but found [false]
at com.qa.appname.tests.LoginPageTest.appLoginTest(LoginPageTest.java:26)
at java.base/java.util.ArrayList.forEach(ArrayList.java:1596)
at java.base/java.util.concurrent.FutureTask.run(FutureTask.java:317)
at java.base/java.util.concurrent.ThreadPoolExecutor.runWorker(ThreadPoolExecutor.java:1144)
at java.base/java.util.concurrent.ThreadPoolExecutor$Worker.run(ThreadPoolExecutor.java:642)
at java.base/java.lang.Thread.run(Thread.java:1583)
... Removed 19 stack frames]]>
    </failure>
  </testcase> <!-- appLoginTest -->
</testsuite> <!-- App Name Login Page Test_safari -->
